# JRE version: OpenJDK Runtime Environment (11.0.8+10) (build 11.0.8+10-b944.6842174)
# Java VM: OpenJDK 64-Bit Server VM (11.0.8+10-b944.6842174, mixed mode, tiered, compressed oops, g1 gc, windows-amd64)
Heap:
 garbage-first heap   total 315392K, used 138889K [0x0000000080000000, 0x0000000100000000)
  region size 1024K, 10 young (10240K), 1 survivors (1024K)
 Metaspace       used 104427K, capacity 107002K, committed 107448K, reserved 1142784K
  class space    used 13038K, capacity 14000K, committed 14112K, reserved 1048576K
GC Heap History (20 events):
Event: 9.960 GC heap before
{Heap before GC invocations=12 (full 0):
 garbage-first heap   total 262144K, used 200233K [0x0000000080000000, 0x0000000100000000)
  region size 1024K, 133 young (136192K), 19 survivors (19456K)
 Metaspace       used 87083K, capacity 89292K, committed 89420K, reserved 1126400K
  class space    used 10992K, capacity 11785K, committed 11852K, reserved 1048576K
}
Event: 9.967 GC heap after
{Heap after GC invocations=13 (full 0):
 garbage-first heap   total 262144K, used 83118K [0x0000000080000000, 0x0000000100000000)
  region size 1024K, 4 young (4096K), 4 survivors (4096K)
 Metaspace       used 87083K, capacity 89292K, committed 89420K, reserved 1126400K
  class space    used 10992K, capacity 11785K, committed 11852K, reserved 1048576K
}
Event: 10.676 GC heap before
{Heap before GC invocations=13 (full 0):
 garbage-first heap   total 262144K, used 208046K [0x0000000080000000, 0x0000000100000000)
  region size 1024K, 124 young (126976K), 4 survivors (4096K)
 Metaspace       used 91402K, capacity 93785K, committed 94028K, reserved 1130496K
  class space    used 11490K, capacity 12296K, committed 12364K, reserved 1048576K
}
Event: 10.682 GC heap after
{Heap after GC invocations=14 (full 0):
 garbage-first heap   total 262144K, used 92207K [0x0000000080000000, 0x0000000100000000)
  region size 1024K, 10 young (10240K), 10 survivors (10240K)
 Metaspace       used 91402K, capacity 93785K, committed 94028K, reserved 1130496K
  class space    used 11490K, capacity 12296K, committed 12364K, reserved 1048576K
}
Event: 11.126 GC heap before
{Heap before GC invocations=14 (full 0):
 garbage-first heap   total 262144K, used 219183K [0x0000000080000000, 0x0000000100000000)
  region size 1024K, 124 young (126976K), 10 survivors (10240K)
 Metaspace       used 96261K, capacity 98882K, committed 99276K, reserved 1134592K
  class space    used 12195K, capacity 13121K, committed 13260K, reserved 1048576K
}
Event: 11.139 GC heap after
{Heap after GC invocations=15 (full 0):
 garbage-first heap   total 262144K, used 113531K [0x0000000080000000, 0x0000000100000000)
  region size 1024K, 16 young (16384K), 16 survivors (16384K)
 Metaspace       used 96261K, capacity 98882K, committed 99276K, reserved 1134592K
  class space    used 12195K, capacity 13121K, committed 13260K, reserved 1048576K
}
Event: 11.391 GC heap before
{Heap before GC invocations=15 (full 0):
 garbage-first heap   total 262144K, used 164731K [0x0000000080000000, 0x0000000100000000)
  region size 1024K, 68 young (69632K), 16 survivors (16384K)
 Metaspace       used 98152K, capacity 100729K, committed 100812K, reserved 1136640K
  class space    used 12528K, capacity 13453K, committed 13516K, reserved 1048576K
}
Event: 11.413 GC heap after
{Heap after GC invocations=16 (full 0):
 garbage-first heap   total 262144K, used 135692K [0x0000000080000000, 0x0000000100000000)
  region size 1024K, 14 young (14336K), 14 survivors (14336K)
 Metaspace       used 98152K, capacity 100729K, committed 100812K, reserved 1136640K
  class space    used 12528K, capacity 13453K, committed 13516K, reserved 1048576K
}
Event: 11.946 GC heap before
{Heap before GC invocations=17 (full 0):
 garbage-first heap   total 262144K, used 188940K [0x0000000080000000, 0x0000000100000000)
  region size 1024K, 71 young (72704K), 14 survivors (14336K)
 Metaspace       used 99840K, capacity 102352K, committed 102712K, reserved 1138688K
  class space    used 12705K, capacity 13634K, committed 13728K, reserved 1048576K
}
Event: 11.963 GC heap after
{Heap after GC invocations=18 (full 0):
 garbage-first heap   total 315392K, used 138263K [0x0000000080000000, 0x0000000100000000)
  region size 1024K, 7 young (7168K), 7 survivors (7168K)
 Metaspace       used 99840K, capacity 102352K, committed 102712K, reserved 1138688K
  class space    used 12705K, capacity 13634K, committed 13728K, reserved 1048576K
}
Event: 12.208 GC heap before
{Heap before GC invocations=18 (full 0):
 garbage-first heap   total 315392K, used 147479K [0x0000000080000000, 0x0000000100000000)
  region size 1024K, 15 young (15360K), 7 survivors (7168K)
 Metaspace       used 99993K, capacity 102513K, committed 102968K, reserved 1138688K
  class space    used 12718K, capacity 13644K, committed 13728K, reserved 1048576K
}
Event: 12.216 GC heap after
{Heap after GC invocations=19 (full 0):
 garbage-first heap   total 315392K, used 134144K [0x0000000080000000, 0x0000000100000000)
  region size 1024K, 2 young (2048K), 2 survivors (2048K)
 Metaspace       used 99993K, capacity 102513K, committed 102968K, reserved 1138688K
  class space    used 12718K, capacity 13644K, committed 13728K, reserved 1048576K
}
Event: 12.686 GC heap before
{Heap before GC invocations=19 (full 0):
 garbage-first heap   total 315392K, used 219136K [0x0000000080000000, 0x0000000100000000)
  region size 1024K, 79 young (80896K), 2 survivors (2048K)
 Metaspace       used 100377K, capacity 102962K, committed 103352K, reserved 1138688K
  class space    used 12749K, capacity 13701K, committed 13856K, reserved 1048576K
}
Event: 12.692 GC heap after
{Heap after GC invocations=20 (full 0):
 garbage-first heap   total 315392K, used 147528K [0x0000000080000000, 0x0000000100000000)
  region size 1024K, 9 young (9216K), 9 survivors (9216K)
 Metaspace       used 100377K, capacity 102962K, committed 103352K, reserved 1138688K
  class space    used 12749K, capacity 13701K, committed 13856K, reserved 1048576K
}
Event: 13.265 GC heap before
{Heap before GC invocations=21 (full 0):
 garbage-first heap   total 315392K, used 225352K [0x0000000080000000, 0x0000000100000000)
  region size 1024K, 85 young (87040K), 9 survivors (9216K)
 Metaspace       used 101640K, capacity 104161K, committed 104760K, reserved 1140736K
  class space    used 12817K, capacity 13760K, committed 13984K, reserved 1048576K
}
Event: 13.270 GC heap after
{Heap after GC invocations=22 (full 0):
 garbage-first heap   total 315392K, used 141421K [0x0000000080000000, 0x0000000100000000)
  region size 1024K, 4 young (4096K), 4 survivors (4096K)
 Metaspace       used 101640K, capacity 104161K, committed 104760K, reserved 1140736K
  class space    used 12817K, capacity 13760K, committed 13984K, reserved 1048576K
}
Event: 13.327 GC heap before
{Heap before GC invocations=22 (full 0):
 garbage-first heap   total 315392K, used 151661K [0x0000000080000000, 0x0000000100000000)
  region size 1024K, 15 young (15360K), 4 survivors (4096K)
 Metaspace       used 101660K, capacity 104225K, committed 104760K, reserved 1140736K
  class space    used 12819K, capacity 13760K, committed 13984K, reserved 1048576K
}
Event: 13.331 GC heap after
{Heap after GC invocations=23 (full 0):
 garbage-first heap   total 315392K, used 134374K [0x0000000080000000, 0x0000000100000000)
  region size 1024K, 2 young (2048K), 2 survivors (2048K)
 Metaspace       used 101660K, capacity 104225K, committed 104760K, reserved 1140736K
  class space    used 12819K, capacity 13760K, committed 13984K, reserved 1048576K
}
Event: 13.743 GC heap before
{Heap before GC invocations=23 (full 0):
 garbage-first heap   total 315392K, used 222438K [0x0000000080000000, 0x0000000100000000)
  region size 1024K, 89 young (91136K), 2 survivors (2048K)
 Metaspace       used 102131K, capacity 104620K, committed 105016K, reserved 1140736K
  class space    used 12864K, capacity 13802K, committed 13984K, reserved 1048576K
}
Event: 13.745 GC heap after
{Heap after GC invocations=24 (full 0):
 garbage-first heap   total 315392K, used 131721K [0x0000000080000000, 0x0000000100000000)
  region size 1024K, 1 young (1024K), 1 survivors (1024K)
 Metaspace       used 102131K, capacity 104620K, committed 105016K, reserved 1140736K
  class space    used 12864K, capacity 13802K, committed 13984K, reserved 1048576K
}

